<?xml version="1.0" encoding="UTF-8"?>
<testsuite name="com.stqa.sandbox.PointTest" tests="1" skipped="0" failures="0" errors="0" timestamp="2020-02-11T23:03:48" hostname="Lena-Toshiba" time="0.012">
  <properties/>
  <testcase name="testPoint" classname="com.stqa.sandbox.PointTest" time="0.012"/>
  <system-out><![CDATA[]]></system-out>
  <system-err><![CDATA[]]></system-err>
</testsuite>
