<?xml version="1.0" encoding="UTF-8"?>
<testsuite name="com.stqa.mantis.tests.ChangeUsersPasswordTests" tests="1" skipped="0" failures="0" errors="0" timestamp="2020-04-05T12:54:23" hostname="Lena-Toshiba" time="12.118">
  <properties/>
  <testcase name="testChangeUsersPasswordByAdmin" classname="com.stqa.mantis.tests.ChangeUsersPasswordTests" time="12.118"/>
  <system-out><![CDATA[15:54:18.783 [Test worker] INFO  com.stqa.mantis.tests.TestBase - Start test testChangeUsersPasswordByAdmin with parameters: []
15:54:23.365 [Test worker] INFO  o.subethamail.smtp.server.SMTPServer - SMTP server *:25 starting
15:54:23.373 [org.subethamail.smtp.server.ServerThread *:25] INFO  o.s.smtp.server.ServerThread - SMTP server *:25 started
user3
15:54:35.786 [Test worker] INFO  o.subethamail.smtp.server.SMTPServer - SMTP server *:25 stopping
15:54:35.787 [org.subethamail.smtp.server.ServerThread *:25] INFO  o.s.smtp.server.ServerThread - SMTP server *:25 stopped
15:54:35.789 [Test worker] INFO  com.stqa.mantis.tests.TestBase - Stop test testChangeUsersPasswordByAdmin
]]></system-out>
  <system-err><![CDATA[Starting ChromeDriver 80.0.3987.106 (f68069574609230cf9b635cd784cfb1bf81bb53a-refs/branch-heads/3987@{#882}) on port 45865
Only local connections are allowed.
Please protect ports used by ChromeDriver and related test frameworks to prevent access by malicious code.
[1586091268.511][WARNING]: Timed out connecting to Chrome, retrying...
Apr 05, 2020 3:54:30 PM org.openqa.selenium.remote.ProtocolHandshake createSession
INFO: Detected dialect: W3C
]]></system-err>
</testsuite>
