<?xml version="1.0" encoding="UTF-8"?>
<testsuite name="com.stqa.mantis.tests.ChangeUsersPasswordTests" tests="1" skipped="0" failures="0" errors="0" timestamp="2020-04-05T12:30:01" hostname="Lena-Toshiba" time="15.698">
  <properties/>
  <testcase name="testChangeUsersPasswordByAdmin" classname="com.stqa.mantis.tests.ChangeUsersPasswordTests" time="15.698"/>
  <system-out><![CDATA[15:29:56.981 [Test worker] INFO  com.stqa.mantis.tests.TestBase - Start test testChangeUsersPasswordByAdmin with parameters: []
15:30:01.548 [Test worker] INFO  o.subethamail.smtp.server.SMTPServer - SMTP server *:25 starting
15:30:01.552 [org.subethamail.smtp.server.ServerThread *:25] INFO  o.s.smtp.server.ServerThread - SMTP server *:25 started
user1
15:30:17.254 [Test worker] INFO  o.subethamail.smtp.server.SMTPServer - SMTP server *:25 stopping
15:30:17.255 [org.subethamail.smtp.server.ServerThread *:25] INFO  o.s.smtp.server.ServerThread - SMTP server *:25 stopped
15:30:17.258 [Test worker] INFO  com.stqa.mantis.tests.TestBase - Stop test testChangeUsersPasswordByAdmin
]]></system-out>
  <system-err><![CDATA[Starting ChromeDriver 80.0.3987.106 (f68069574609230cf9b635cd784cfb1bf81bb53a-refs/branch-heads/3987@{#882}) on port 41683
Only local connections are allowed.
Please protect ports used by ChromeDriver and related test frameworks to prevent access by malicious code.
[1586089806.744][WARNING]: Timed out connecting to Chrome, retrying...
Apr 05, 2020 3:30:08 PM org.openqa.selenium.remote.ProtocolHandshake createSession
INFO: Detected dialect: W3C
]]></system-err>
</testsuite>
