<?xml version="1.0" encoding="UTF-8"?>
<testsuite name="com.stqa.addressbook.tests.GroupDeletionTests" tests="3" skipped="0" failures="0" errors="0" timestamp="2020-03-26T15:01:32" hostname="Lena-Toshiba" time="16.545">
  <properties/>
  <testcase name="testAnyGroupDeletion" classname="com.stqa.addressbook.tests.GroupDeletionTests" time="5.681"/>
  <testcase name="testAnyGroupDeletionFluent" classname="com.stqa.addressbook.tests.GroupDeletionTests" time="3.864"/>
  <testcase name="testGroupDeletionByIndex" classname="com.stqa.addressbook.tests.GroupDeletionTests" time="3.257"/>
  <system-out><![CDATA[]]></system-out>
  <system-err><![CDATA[]]></system-err>
</testsuite>
