<?xml version="1.0" encoding="UTF-8"?>
<testsuite name="com.stqa.addressbook.tests.GroupModificationTests" tests="3" skipped="0" failures="0" errors="0" timestamp="2020-03-26T15:01:13" hostname="Lena-Toshiba" time="16.821">
  <properties/>
  <testcase name="testAnyGroupModification" classname="com.stqa.addressbook.tests.GroupModificationTests" time="4.604"/>
  <testcase name="testGroupModification" classname="com.stqa.addressbook.tests.GroupModificationTests" time="4.513"/>
  <testcase name="testGroupModificationFluent" classname="com.stqa.addressbook.tests.GroupModificationTests" time="4.423"/>
  <system-out><![CDATA[]]></system-out>
  <system-err><![CDATA[]]></system-err>
</testsuite>
