<?xml version="1.0" encoding="UTF-8"?>
<testsuite name="com.stqa.addressbook.tests.ContactModificationTests" tests="2" skipped="0" failures="0" errors="0" timestamp="2020-03-19T07:47:55" hostname="Lena-Toshiba" time="10.212">
  <properties/>
  <testcase name="testContactModification" classname="com.stqa.addressbook.tests.ContactModificationTests" time="5.006"/>
  <testcase name="testContactModificationFluent" classname="com.stqa.addressbook.tests.ContactModificationTests" time="3.614"/>
  <system-out><![CDATA[]]></system-out>
  <system-err><![CDATA[]]></system-err>
</testsuite>
