<?xml version="1.0" encoding="UTF-8"?>
<testsuite name="com.stqa.addressbook.tests.ContactCreationTests" tests="3" skipped="0" failures="0" errors="0" timestamp="2020-03-19T07:47:19" hostname="Lena-Toshiba" time="19.17">
  <properties/>
  <testcase name="testContactCreation" classname="com.stqa.addressbook.tests.ContactCreationTests" time="7.132"/>
  <testcase name="testContactCreationFluent" classname="com.stqa.addressbook.tests.ContactCreationTests" time="5.926"/>
  <testcase name="testContactCreationHashSet" classname="com.stqa.addressbook.tests.ContactCreationTests" time="6.104"/>
  <system-out><![CDATA[]]></system-out>
  <system-err><![CDATA[]]></system-err>
</testsuite>
