<?xml version="1.0" encoding="UTF-8"?>
<testsuite name="com.stqa.addressbook.tests.GroupDeletionTests" tests="3" skipped="0" failures="0" errors="0" timestamp="2020-03-21T21:18:06" hostname="Lena-Toshiba" time="8.518">
  <properties/>
  <testcase name="testAnyGroupDeletion" classname="com.stqa.addressbook.tests.GroupDeletionTests" time="2.127"/>
  <testcase name="testAnyGroupDeletionFluent" classname="com.stqa.addressbook.tests.GroupDeletionTests" time="1.866"/>
  <testcase name="testGroupDeletionByIndex" classname="com.stqa.addressbook.tests.GroupDeletionTests" time="2.247"/>
  <system-out><![CDATA[]]></system-out>
  <system-err><![CDATA[]]></system-err>
</testsuite>
