<?xml version="1.0" encoding="UTF-8"?>
<testsuite name="com.stqa.addressbook.tests.GroupDeletionTests" tests="1" skipped="0" failures="0" errors="0" timestamp="2020-03-15T20:40:13" hostname="Lena-Toshiba" time="1.148">
  <properties/>
  <testcase name="testGroupDeletion" classname="com.stqa.addressbook.tests.GroupDeletionTests" time="1.148"/>
  <system-out><![CDATA[]]></system-out>
  <system-err><![CDATA[]]></system-err>
</testsuite>
