<?xml version="1.0" encoding="UTF-8"?>
<testsuite name="com.stqa.addressbook.tests.GroupDeletionTests" tests="3" skipped="0" failures="0" errors="0" timestamp="2020-03-19T07:48:12" hostname="Lena-Toshiba" time="4.458">
  <properties/>
  <testcase name="testAnyGroupDeletion" classname="com.stqa.addressbook.tests.GroupDeletionTests" time="1.215"/>
  <testcase name="testAnyGroupDeletionFluent" classname="com.stqa.addressbook.tests.GroupDeletionTests" time="1.085"/>
  <testcase name="testGroupDeletionByIndex" classname="com.stqa.addressbook.tests.GroupDeletionTests" time="1.012"/>
  <system-out><![CDATA[]]></system-out>
  <system-err><![CDATA[]]></system-err>
</testsuite>
