<?xml version="1.0" encoding="UTF-8"?>
<testsuite name="com.stqa.addressbook.tests.ContactPhoneTests" tests="1" skipped="0" failures="0" errors="0" timestamp="2020-03-21T20:06:18" hostname="Lena-Toshiba" time="2.701">
  <properties/>
  <testcase name="testContactPhonesReverseCheck" classname="com.stqa.addressbook.tests.ContactPhoneTests" time="2.701"/>
  <system-out><![CDATA[]]></system-out>
  <system-err><![CDATA[]]></system-err>
</testsuite>
