<?xml version="1.0" encoding="UTF-8"?>
<testsuite name="com.stqa.addressbook.tests.ContactDeletionTests" tests="2" skipped="0" failures="0" errors="0" timestamp="2020-03-21T21:17:05" hostname="Lena-Toshiba" time="15.328">
  <properties/>
  <testcase name="testAnyContactDeletionFromHomePageFluent" classname="com.stqa.addressbook.tests.ContactDeletionTests" time="7.678"/>
  <testcase name="testContactDeletionFromHomePage" classname="com.stqa.addressbook.tests.ContactDeletionTests" time="5.978"/>
  <system-out><![CDATA[]]></system-out>
  <system-err><![CDATA[]]></system-err>
</testsuite>
