<?xml version="1.0" encoding="UTF-8"?>
<testsuite name="com.stqa.addressbook.tests.ContactDeletionTests" tests="2" skipped="0" failures="0" errors="0" timestamp="2020-03-19T07:47:40" hostname="Lena-Toshiba" time="13.183">
  <properties/>
  <testcase name="testAnyContactDeletionFromHomePageFluent" classname="com.stqa.addressbook.tests.ContactDeletionTests" time="5.804"/>
  <testcase name="testContactDeletionFromHomePage" classname="com.stqa.addressbook.tests.ContactDeletionTests" time="5.626"/>
  <system-out><![CDATA[]]></system-out>
  <system-err><![CDATA[]]></system-err>
</testsuite>
