<?xml version="1.0" encoding="UTF-8"?>
<testsuite name="com.stqa.addressbook.tests.ContactModificationTests" tests="1" skipped="0" failures="0" errors="0" timestamp="2020-03-15T20:40:01" hostname="Lena-Toshiba" time="9.25">
  <properties/>
  <testcase name="testContactModification" classname="com.stqa.addressbook.tests.ContactModificationTests" time="9.25"/>
  <system-out><![CDATA[]]></system-out>
  <system-err><![CDATA[]]></system-err>
</testsuite>
