<?xml version="1.0" encoding="UTF-8"?>
<testsuite name="com.stqa.addressbook.tests.ContactCreationTests" tests="1" skipped="0" failures="0" errors="0" timestamp="2020-03-13T12:21:54" hostname="Lena-Toshiba" time="3.646">
  <properties/>
  <testcase name="testContactCreation" classname="com.stqa.addressbook.tests.ContactCreationTests" time="3.646"/>
  <system-out><![CDATA[]]></system-out>
  <system-err><![CDATA[]]></system-err>
</testsuite>
