<?xml version="1.0" encoding="UTF-8"?>
<testsuite name="com.stqa.addressbook.tests.ContactPhoneTests" tests="1" skipped="0" failures="0" errors="0" timestamp="2020-03-21T21:17:42" hostname="Lena-Toshiba" time="5.563">
  <properties/>
  <testcase name="testContactPhonesReverseCheck" classname="com.stqa.addressbook.tests.ContactPhoneTests" time="5.563"/>
  <system-out><![CDATA[]]></system-out>
  <system-err><![CDATA[]]></system-err>
</testsuite>
