<?xml version="1.0" encoding="UTF-8"?>
<testsuite name="com.stqa.addressbook.tests.ContactDeletionTests" tests="1" skipped="0" failures="0" errors="0" timestamp="2020-03-13T12:21:59" hostname="Lena-Toshiba" time="5.764">
  <properties/>
  <testcase name="testContactDeletionFromHomePage" classname="com.stqa.addressbook.tests.ContactDeletionTests" time="5.764"/>
  <system-out><![CDATA[]]></system-out>
  <system-err><![CDATA[]]></system-err>
</testsuite>
